0       459779.56
1       442839.78
2            0.00
3            0.00
4       730421.04
5      1753246.90
6      1434940.18
7       731491.53
8       335154.11
9            0.00
10        16990.76
11       459830.54
12       981198.02
13      1019432.80
14      1874147.95
15      1888790.65
16       908140.62
17       888116.82
18       507486.22
19       501244.92
20      1012882.46
21       469410.74
22      1033272.64
23      1033272.64
24      1033272.64
25      1011639.93
26       447778.03
27       431242.86
per node throughput
    21406024.34
        0.03838
     99.98
      0.02
